0 info it worked if it ends with ok
1 verbose cli [ '/usr/local/Cellar/node/7.7.4/bin/node',
1 verbose cli   '/usr/local/bin/npm',
1 verbose cli   'publish' ]
2 info using npm@4.1.2
3 info using node@v7.7.4
4 verbose publish [ '.' ]
5 silly cache add args [ '.', null ]
6 verbose cache add spec .
7 silly cache add parsed spec Result {
7 silly cache add   raw: '.',
7 silly cache add   scope: null,
7 silly cache add   escapedName: null,
7 silly cache add   name: null,
7 silly cache add   rawSpec: '.',
7 silly cache add   spec: '/Users/rice/niceloop-paper',
7 silly cache add   type: 'directory' }
8 verbose addLocalDirectory /Users/rice/.npm/niceloop-paper/1.1.3/package.tgz not in flight; packing
9 verbose correctMkdir /Users/rice/.npm correctMkdir not in flight; initializing
10 info lifecycle niceloop-paper@1.1.3~prepublish: niceloop-paper@1.1.3
11 silly lifecycle niceloop-paper@1.1.3~prepublish: no script for prepublish, continuing
12 info lifecycle niceloop-paper@1.1.3~prepare: niceloop-paper@1.1.3
13 silly lifecycle niceloop-paper@1.1.3~prepare: no script for prepare, continuing
14 verbose tar pack [ '/Users/rice/.npm/niceloop-paper/1.1.3/package.tgz',
14 verbose tar pack   '/Users/rice/niceloop-paper' ]
15 verbose tarball /Users/rice/.npm/niceloop-paper/1.1.3/package.tgz
16 verbose folder /Users/rice/niceloop-paper
17 verbose addLocalTarball adding from inside cache /Users/rice/.npm/niceloop-paper/1.1.3/package.tgz
18 verbose correctMkdir /Users/rice/.npm correctMkdir not in flight; initializing
19 silly cache afterAdd niceloop-paper@1.1.3
20 verbose afterAdd /Users/rice/.npm/niceloop-paper/1.1.3/package/package.json not in flight; writing
21 verbose correctMkdir /Users/rice/.npm correctMkdir not in flight; initializing
22 verbose afterAdd /Users/rice/.npm/niceloop-paper/1.1.3/package/package.json written
23 silly publish { name: 'niceloop-paper',
23 silly publish   version: '1.1.3',
23 silly publish   description: '',
23 silly publish   main: 'index.js',
23 silly publish   scripts: { test: 'echo "Error: no test specified" && exit 1' },
23 silly publish   repository:
23 silly publish    { type: 'git',
23 silly publish      url: 'git+https://github.com/riseres/niceloop-paper.git' },
23 silly publish   author: '',
23 silly publish   license: 'ISC',
23 silly publish   bugs: { url: 'https://github.com/riseres/niceloop-paper/issues' },
23 silly publish   homepage: 'https://github.com/riseres/niceloop-paper#readme',
23 silly publish   readme: '# niceloop-paper\n\n\n```js \n\n//  { "name": "PrintTitle", "value": "Test print title ทดสอบพิมพ์หัวเรื่อง" },\n//  { "name": "Line feed", "value": "The following line will be feed to new line" },\n//  { "name": "LineFeed" },\n//  { "name": "Print line", "value": "Print solid line after this" },\n//  { "name": "PrintLine" },\n//  { "name": "Long value", "value": "Test printing long value for checking word wrapping" },\n//  { "name": "ภาษาไทย", "value": "ทดสอบการตัดคำภาษาไทยสำหรับประโยคยาวๆ" },\n//  { "name": "Double line", "value": "Print double line after this" },\n//  { "name": "PrintDoubleLine" },\n//  { "name": "PrintComment", "value": "Test comment name values and word wrapping" },\n//  { "name": "PrintComment", "value": "ทดสอบการใส่หมายเหตุเป็นภาษาไทย" }\n\n```',
23 silly publish   readmeFilename: 'README.md',
23 silly publish   gitHead: '62822aa83530a414ab2e7190be74ae2db8846d75',
23 silly publish   _id: 'niceloop-paper@1.1.3',
23 silly publish   _shasum: '372ffba7873363e980eb9c1c823406f77e4baaa0',
23 silly publish   _from: '.' }
24 info lifecycle niceloop-paper@1.1.3~prepublishOnly: niceloop-paper@1.1.3
25 silly lifecycle niceloop-paper@1.1.3~prepublishOnly: no script for prepublishOnly, continuing
26 verbose getPublishConfig undefined
27 silly mapToRegistry name niceloop-paper
28 silly mapToRegistry using default registry
29 silly mapToRegistry registry https://registry.npmjs.org/
30 silly mapToRegistry data Result {
30 silly mapToRegistry   raw: 'niceloop-paper',
30 silly mapToRegistry   scope: null,
30 silly mapToRegistry   escapedName: 'niceloop-paper',
30 silly mapToRegistry   name: 'niceloop-paper',
30 silly mapToRegistry   rawSpec: '',
30 silly mapToRegistry   spec: 'latest',
30 silly mapToRegistry   type: 'tag' }
31 silly mapToRegistry uri https://registry.npmjs.org/niceloop-paper
32 verbose publish registryBase https://registry.npmjs.org/
33 silly publish uploading /Users/rice/.npm/niceloop-paper/1.1.3/package.tgz
34 verbose request uri https://registry.npmjs.org/niceloop-paper
35 verbose request sending authorization for write operation
36 info attempt registry request try #1 at 1:48:42 AM
37 verbose request using bearer token for auth
38 verbose request id e99251e85ed7078a
39 http request PUT https://registry.npmjs.org/niceloop-paper
40 http 403 https://registry.npmjs.org/niceloop-paper
41 verbose headers { 'content-type': 'application/json',
41 verbose headers   'cache-control': 'max-age=300',
41 verbose headers   'content-length': '91',
41 verbose headers   'accept-ranges': 'bytes',
41 verbose headers   date: 'Wed, 24 Jan 2018 18:48:43 GMT',
41 verbose headers   via: '1.1 varnish',
41 verbose headers   connection: 'keep-alive',
41 verbose headers   'x-served-by': 'cache-sin18027-SIN',
41 verbose headers   'x-cache': 'MISS',
41 verbose headers   'x-cache-hits': '0',
41 verbose headers   'x-timer': 'S1516819722.498249,VS0,VE984',
41 verbose headers   vary: 'Accept-Encoding, Accept' }
42 verbose request invalidating /Users/rice/.npm/registry.npmjs.org/niceloop-paper on PUT
43 error publish Failed PUT 403
44 verbose stack Error: You cannot publish over the previously published version 1.1.3. : niceloop-paper
44 verbose stack     at makeError (/usr/local/lib/node_modules/npm/node_modules/npm-registry-client/lib/request.js:304:12)
44 verbose stack     at CachingRegistryClient.<anonymous> (/usr/local/lib/node_modules/npm/node_modules/npm-registry-client/lib/request.js:292:14)
44 verbose stack     at Request._callback (/usr/local/lib/node_modules/npm/node_modules/npm-registry-client/lib/request.js:212:14)
44 verbose stack     at Request.self.callback (/usr/local/lib/node_modules/npm/node_modules/request/request.js:186:22)
44 verbose stack     at emitTwo (events.js:106:13)
44 verbose stack     at Request.emit (events.js:194:7)
44 verbose stack     at Request.<anonymous> (/usr/local/lib/node_modules/npm/node_modules/request/request.js:1081:10)
44 verbose stack     at emitOne (events.js:96:13)
44 verbose stack     at Request.emit (events.js:191:7)
44 verbose stack     at IncomingMessage.<anonymous> (/usr/local/lib/node_modules/npm/node_modules/request/request.js:1001:12)
45 verbose statusCode 403
46 verbose pkgid niceloop-paper
47 verbose cwd /Users/rice/niceloop-paper
48 error Darwin 17.3.0
49 error argv "/usr/local/Cellar/node/7.7.4/bin/node" "/usr/local/bin/npm" "publish"
50 error node v7.7.4
51 error npm  v4.1.2
52 error code E403
53 error You cannot publish over the previously published version 1.1.3. : niceloop-paper
54 error If you need help, you may report this error at:
54 error     <https://github.com/npm/npm/issues>
55 verbose exit [ 1, true ]
